This is pdfTeX, Version 3.14159265-2.6-1.40.15 (MiKTeX 2.9 64-bit) (preloaded format=pdflatex 2016.1.14)  17 JAN 2016 14:09
entering extended mode
**squelette-rendu.tex
(squelette-rendu.tex
LaTeX2e <2014/05/01>
Babel <3.9l> and hyphenation patterns for 68 languages loaded.
("F:\MiKTeX 2.9\tex\latex\base\article.cls"
Document Class: article 2014/09/29 v1.4h Standard LaTeX document class
("F:\MiKTeX 2.9\tex\latex\base\size11.clo"
File: size11.clo 2014/09/29 v1.4h Standard LaTeX file (size option)
)
\c@part=\count79
\c@section=\count80
\c@subsection=\count81
\c@subsubsection=\count82
\c@paragraph=\count83
\c@subparagraph=\count84
\c@figure=\count85
\c@table=\count86
\abovecaptionskip=\skip41
\belowcaptionskip=\skip42
\bibindent=\dimen102
)
("F:\MiKTeX 2.9\tex\latex\base\inputenc.sty"
Package: inputenc 2014/04/30 v1.2b Input encoding file
\inpenc@prehook=\toks14
\inpenc@posthook=\toks15

("F:\MiKTeX 2.9\tex\latex\base\latin1.def"
File: latin1.def 2014/04/30 v1.2b Input encoding file
))
("F:\MiKTeX 2.9\tex\latex\aeguill\aeguill.sty"
Package: aeguill 2003/08/02 1.02 AE fonts with french guillemets (D. Roegel)

("F:\MiKTeX 2.9\tex\latex\ae\ae.sty"
Package: ae 2001/02/12 1.3 Almost European Computer Modern
 ("F:\MiKTeX 2.9\tex\latex\base\fontenc.sty"
Package: fontenc 2005/09/27 v1.99g Standard LaTeX package
 ("F:\MiKTeX 2.9\tex\latex\base\t1enc.def"
File: t1enc.def 2005/09/27 v1.99g Standard LaTeX file
LaTeX Font Info:    Redeclaring font encoding T1 on input line 43.
)
LaTeX Font Info:    Try loading font information for T1+aer on input line 100.

("F:\MiKTeX 2.9\tex\latex\ae\t1aer.fd"
File: t1aer.fd 1997/11/16 Font definitions for T1/aer.
)))
("F:\MiKTeX 2.9\tex\latex\base\fontenc.sty"
Package: fontenc 2005/09/27 v1.99g Standard LaTeX package

("F:\MiKTeX 2.9\tex\latex\cyrillic\ot2enc.def"
File: ot2enc.def 2001/08/11 v3.3a Cyrillic encoding definition file
)
("F:\MiKTeX 2.9\tex\latex\base\t1enc.def"
File: t1enc.def 2005/09/27 v1.99g Standard LaTeX file
LaTeX Font Info:    Redeclaring font encoding T1 on input line 43.
)))
("F:\MiKTeX 2.9\tex\latex\geometry\geometry.sty"
Package: geometry 2010/09/12 v5.6 Page Geometry

("F:\MiKTeX 2.9\tex\latex\graphics\keyval.sty"
Package: keyval 2014/10/28 v1.15 key=value parser (DPC)
\KV@toks@=\toks16
)
("F:\MiKTeX 2.9\tex\generic\oberdiek\ifpdf.sty"
Package: ifpdf 2011/01/30 v2.3 Provides the ifpdf switch (HO)
Package ifpdf Info: pdfTeX in PDF mode is detected.
)
("F:\MiKTeX 2.9\tex\generic\oberdiek\ifvtex.sty"
Package: ifvtex 2010/03/01 v1.5 Detect VTeX and its facilities (HO)
Package ifvtex Info: VTeX not detected.
)
("F:\MiKTeX 2.9\tex\generic\ifxetex\ifxetex.sty"
Package: ifxetex 2010/09/12 v0.6 Provides ifxetex conditional
)
\Gm@cnth=\count87
\Gm@cntv=\count88
\c@Gm@tempcnt=\count89
\Gm@bindingoffset=\dimen103
\Gm@wd@mp=\dimen104
\Gm@odd@mp=\dimen105
\Gm@even@mp=\dimen106
\Gm@layoutwidth=\dimen107
\Gm@layoutheight=\dimen108
\Gm@layouthoffset=\dimen109
\Gm@layoutvoffset=\dimen110
\Gm@dimlist=\toks17

("F:\MiKTeX 2.9\tex\latex\geometry\geometry.cfg"))
("F:\MiKTeX 2.9\tex\latex\tools\xspace.sty"
Package: xspace 2014/10/28 v1.13 Space after command names (DPC,MH)
)
("F:\MiKTeX 2.9\tex\latex\amsmath\amsmath.sty"
Package: amsmath 2013/01/14 v2.14 AMS math features
\@mathmargin=\skip43

For additional information on amsmath, use the `?' option.
("F:\MiKTeX 2.9\tex\latex\amsmath\amstext.sty"
Package: amstext 2000/06/29 v2.01

("F:\MiKTeX 2.9\tex\latex\amsmath\amsgen.sty"
File: amsgen.sty 1999/11/30 v2.0
\@emptytoks=\toks18
\ex@=\dimen111
))
("F:\MiKTeX 2.9\tex\latex\amsmath\amsbsy.sty"
Package: amsbsy 1999/11/29 v1.2d
\pmbraise@=\dimen112
)
("F:\MiKTeX 2.9\tex\latex\amsmath\amsopn.sty"
Package: amsopn 1999/12/14 v2.01 operator names
)
\inf@bad=\count90
LaTeX Info: Redefining \frac on input line 210.
\uproot@=\count91
\leftroot@=\count92
LaTeX Info: Redefining \overline on input line 306.
\classnum@=\count93
\DOTSCASE@=\count94
LaTeX Info: Redefining \ldots on input line 378.
LaTeX Info: Redefining \dots on input line 381.
LaTeX Info: Redefining \cdots on input line 466.
\Mathstrutbox@=\box26
\strutbox@=\box27
\big@size=\dimen113
LaTeX Font Info:    Redeclaring font encoding OML on input line 566.
LaTeX Font Info:    Redeclaring font encoding OMS on input line 567.
\macc@depth=\count95
\c@MaxMatrixCols=\count96
\dotsspace@=\muskip10
\c@parentequation=\count97
\dspbrk@lvl=\count98
\tag@help=\toks19
\row@=\count99
\column@=\count100
\maxfields@=\count101
\andhelp@=\toks20
\eqnshift@=\dimen114
\alignsep@=\dimen115
\tagshift@=\dimen116
\tagwidth@=\dimen117
\totwidth@=\dimen118
\lineht@=\dimen119
\@envbody=\toks21
\multlinegap=\skip44
\multlinetaggap=\skip45
\mathdisplay@stack=\toks22
LaTeX Info: Redefining \[ on input line 2665.
LaTeX Info: Redefining \] on input line 2666.
)
("F:\MiKTeX 2.9\tex\latex\babel\babel.sty"
Package: babel 2014/09/25 3.9l The Babel package

*************************************
* Local config file bblopts.cfg used
*
("F:\MiKTeX 2.9\tex\latex\00miktex\bblopts.cfg"
File: bblopts.cfg 2006/07/31 v1.0 MiKTeX 'babel' configuration
)
("F:\MiKTeX 2.9\tex\latex\babel-english\english.ldf"
Language: english 2012/08/20 v3.3p English support from the babel system

("F:\MiKTeX 2.9\tex\latex\babel\babel.def"
File: babel.def 2014/09/25 3.9l Babel common definitions
\babel@savecnt=\count102
\U@D=\dimen120
)
\l@canadian = a dialect from \language\l@american 
\l@australian = a dialect from \language\l@british 
\l@newzealand = a dialect from \language\l@british 
)
("F:\MiKTeX 2.9\tex\latex\babel-french\frenchb.ldf"
Language: frenchb 2014/10/25 v3.1c French support from the babel system
\l@acadian = a dialect from \language\l@french 
\l@canadien = a dialect from \language\l@french 
\FBcolonskip=\skip46
\FBthinskip=\skip47
\FB@interchartokenstateORI=\count103
Package babel Info: Making : an active character on input line 371.
Package babel Info: Making ; an active character on input line 372.
Package babel Info: Making ! an active character on input line 373.
Package babel Info: Making ? an active character on input line 374.
\FBguillskip=\skip48
\FBguill@level=\count104
\FB@Mht=\dimen121
\std@mcc=\count105
\dec@mcc=\count106
\listindentFB=\skip49
\labelwidthFB=\skip50
\leftmarginFB=\skip51
\parindentFFN=\dimen122
))
("F:\MiKTeX 2.9\tex\latex\carlisle\scalefnt.sty")
("F:\MiKTeX 2.9\tex\latex\url\url.sty"
\Urlmuskip=\muskip11
Package: url 2013/09/16  ver 3.4  Verb mode for urls, etc.
)
("F:\MiKTeX 2.9\tex\latex\algorithms\algorithm.sty"
Package: algorithm 2009/08/24 v0.1 Document Style `algorithm' - floating enviro
nment

("F:\MiKTeX 2.9\tex\latex\float\float.sty"
Package: float 2001/11/08 v1.3d Float enhancements (AL)
\c@float@type=\count107
\float@exts=\toks23
\float@box=\box28
\@float@everytoks=\toks24
\@floatcapt=\box29
)
("F:\MiKTeX 2.9\tex\latex\base\ifthen.sty"
Package: ifthen 2014/09/29 v1.1c Standard LaTeX ifthen package (DPC)
)
\@float@every@algorithm=\toks25
\c@algorithm=\count108
)
("F:\MiKTeX 2.9\tex\latex\algorithmicx\algpseudocode.sty"
Package: algpseudocode 

("F:\MiKTeX 2.9\tex\latex\algorithmicx\algorithmicx.sty"
Package: algorithmicx 2005/04/27 v1.2 Algorithmicx

Document Style algorithmicx 1.2 - a greatly improved `algorithmic' style
\c@ALG@line=\count109
\c@ALG@rem=\count110
\c@ALG@nested=\count111
\ALG@tlm=\skip52
\ALG@thistlm=\skip53
\c@ALG@Lnr=\count112
\c@ALG@blocknr=\count113
\c@ALG@storecount=\count114
\c@ALG@tmpcounter=\count115
\ALG@tmplength=\skip54
)
Document Style - pseudocode environments for use with the `algorithmicx' style
) ("F:\MiKTeX 2.9\tex\latex\xcolor\xcolor.sty"
Package: xcolor 2007/01/21 v2.11 LaTeX color extensions (UK)

("F:\MiKTeX 2.9\tex\latex\00miktex\color.cfg"
File: color.cfg 2007/01/18 v1.5 color configuration of teTeX/TeXLive
)
Package xcolor Info: Driver file: pdftex.def on input line 225.

("F:\MiKTeX 2.9\tex\latex\pdftex-def\pdftex.def"
File: pdftex.def 2011/05/27 v0.06d Graphics/color for pdfTeX

("F:\MiKTeX 2.9\tex\generic\oberdiek\infwarerr.sty"
Package: infwarerr 2010/04/08 v1.3 Providing info/warning/error messages (HO)
)
("F:\MiKTeX 2.9\tex\generic\oberdiek\ltxcmds.sty"
Package: ltxcmds 2011/11/09 v1.22 LaTeX kernel commands for general use (HO)
)
\Gread@gobject=\count116
)
Package xcolor Info: Model `cmy' substituted by `cmy0' on input line 1337.
Package xcolor Info: Model `hsb' substituted by `rgb' on input line 1341.
Package xcolor Info: Model `RGB' extended on input line 1353.
Package xcolor Info: Model `HTML' substituted by `rgb' on input line 1355.
Package xcolor Info: Model `Hsb' substituted by `hsb' on input line 1356.
Package xcolor Info: Model `tHsb' substituted by `hsb' on input line 1357.
Package xcolor Info: Model `HSB' substituted by `hsb' on input line 1358.
Package xcolor Info: Model `Gray' substituted by `gray' on input line 1359.
Package xcolor Info: Model `wave' substituted by `hsb' on input line 1360.
)
("F:\MiKTeX 2.9\tex\latex\listings\listings.sty"
\lst@mode=\count117
\lst@gtempboxa=\box30
\lst@token=\toks26
\lst@length=\count118
\lst@currlwidth=\dimen123
\lst@column=\count119
\lst@pos=\count120
\lst@lostspace=\dimen124
\lst@width=\dimen125
\lst@newlines=\count121
\lst@lineno=\count122
\lst@maxwidth=\dimen126

("F:\MiKTeX 2.9\tex\latex\listings\lstmisc.sty"
File: lstmisc.sty 2014/09/06 1.5e (Carsten Heinz)
\c@lstnumber=\count123
\lst@skipnumbers=\count124
\lst@framebox=\box31
)
("F:\MiKTeX 2.9\tex\latex\listings\listings.cfg"
File: listings.cfg 2014/09/06 1.5e listings configuration
))
Package: listings 2014/09/06 1.5e (Carsten Heinz)

("F:\MiKTeX 2.9\tex\latex\graphics\graphicx.sty"
Package: graphicx 2014/10/28 v1.0g Enhanced LaTeX Graphics (DPC,SPQR)

("F:\MiKTeX 2.9\tex\latex\graphics\graphics.sty"
Package: graphics 2014/10/28 v1.0p Standard LaTeX Graphics (DPC,SPQR)

("F:\MiKTeX 2.9\tex\latex\graphics\trig.sty"
Package: trig 1999/03/16 v1.09 sin cos tan (DPC)
)
("F:\MiKTeX 2.9\tex\latex\00miktex\graphics.cfg"
File: graphics.cfg 2007/01/18 v1.5 graphics configuration of teTeX/TeXLive
)
Package graphics Info: Driver file: pdftex.def on input line 91.
)
\Gin@req@height=\dimen127
\Gin@req@width=\dimen128
)
("F:\MiKTeX 2.9\tex\latex\listings\lstlang1.sty"
File: lstlang1.sty 2014/09/06 1.5e listings language file
)
("F:\MiKTeX 2.9\tex\latex\listings\lstlang2.sty"
File: lstlang2.sty 2014/09/06 1.5e listings language file
)
("F:\MiKTeX 2.9\tex\latex\listings\lstlang3.sty"
File: lstlang3.sty 2014/09/06 1.5e listings language file
)
(A:\Documents\conmet\files2\squelette-rendu\squelette-rendu\output\squelette-re
ndu.aux

LaTeX Warning: Label `fig:histo-variabilite' multiply defined.


LaTeX Warning: Label `fig:histo-variabilite' multiply defined.


LaTeX Warning: Label `fig:histo-variabilite' multiply defined.

)
LaTeX Font Info:    Checking defaults for OML/cmm/m/it on input line 53.
LaTeX Font Info:    ... okay on input line 53.
LaTeX Font Info:    Checking defaults for T1/cmr/m/n on input line 53.
LaTeX Font Info:    ... okay on input line 53.
LaTeX Font Info:    Checking defaults for OT1/cmr/m/n on input line 53.
LaTeX Font Info:    ... okay on input line 53.
LaTeX Font Info:    Checking defaults for OMS/cmsy/m/n on input line 53.
LaTeX Font Info:    ... okay on input line 53.
LaTeX Font Info:    Checking defaults for OMX/cmex/m/n on input line 53.
LaTeX Font Info:    ... okay on input line 53.
LaTeX Font Info:    Checking defaults for U/cmr/m/n on input line 53.
LaTeX Font Info:    ... okay on input line 53.
LaTeX Font Info:    Checking defaults for OT2/cmr/m/n on input line 53.
LaTeX Font Info:    Try loading font information for OT2+cmr on input line 53.
 ("F:\MiKTeX 2.9\tex\latex\base\ot2cmr.fd"
File: ot2cmr.fd 2014/09/29 v2.5h Standard LaTeX font definitions
)
LaTeX Font Info:    ... okay on input line 53.

*geometry* driver: auto-detecting
*geometry* detected driver: pdftex
*geometry* verbose mode - [ preamble ] result:
* driver: pdftex
* paper: a4paper
* layout: <same size as paper>
* layoutoffset:(h,v)=(0.0pt,0.0pt)
* modes: 
* h-part:(L,W,R)=(57.81621pt, 481.87546pt, 57.81621pt)
* v-part:(T,H,B)=(57.81621pt, 729.41443pt, 57.81621pt)
* \paperwidth=597.50787pt
* \paperheight=845.04684pt
* \textwidth=481.87546pt
* \textheight=729.41443pt
* \oddsidemargin=-14.45378pt
* \evensidemargin=-14.45378pt
* \topmargin=-51.45378pt
* \headheight=12.0pt
* \headsep=25.0pt
* \topskip=11.0pt
* \footskip=30.0pt
* \marginparwidth=50.0pt
* \marginparsep=10.0pt
* \columnsep=10.0pt
* \skip\footins=10.0pt plus 4.0pt minus 2.0pt
* \hoffset=0.0pt
* \voffset=0.0pt
* \mag=1000
* \@twocolumnfalse
* \@twosidefalse
* \@mparswitchfalse
* \@reversemarginfalse
* (1in=72.27pt=25.4mm, 1cm=28.453pt)

LaTeX Info: Redefining \degres on input line 53.
LaTeX Info: Redefining \dots on input line 53.
LaTeX Info: Redefining \up on input line 53.
("F:\MiKTeX 2.9\tex\context\base\supp-pdf.mkii"
[Loading MPS to PDF converter (version 2006.09.02).]
\scratchcounter=\count125
\scratchdimen=\dimen129
\scratchbox=\box32
\nofMPsegments=\count126
\nofMParguments=\count127
\everyMPshowfont=\toks27
\MPscratchCnt=\count128
\MPscratchDim=\dimen130
\MPnumerator=\count129
\makeMPintoPDFobject=\count130
\everyMPtoPDFconversion=\toks28
)
\c@lstlisting=\count131

(A:\Documents\conmet\files2\squelette-rendu\squelette-rendu\output\squelette-re
ndu.toc)
\tf@toc=\write3
 [1

{C:/ProgramData/MiKTeX/2.9/pdftex/config/pdftex.map}]
LaTeX Font Info:    Try loading font information for T1+aett on input line 63.

("F:\MiKTeX 2.9\tex\latex\ae\t1aett.fd"
File: t1aett.fd 1997/11/16 Font definitions for T1/aett.
)
Overfull \hbox (21.22571pt too wide) in paragraph at lines 73--74
\T1/aer/m/n/10.95 forme de pseu-do-code (bo-nus). Voir [][][][]$\T1/aett/m/n/10
.95 https : / / en . wikibooks . org / wiki / LaTeX / Algorithms # Typesetting 
_$
 []

<Black_cherry_tree_histogram.pdf, id=10, 216.81pt x 216.81pt>
File: Black_cherry_tree_histogram.pdf Graphic file (type pdf)

<use Black_cherry_tree_histogram.pdf>
Package pdftex.def Info: Black_cherry_tree_histogram.pdf used on input line 104
.
(pdftex.def)             Requested size: 170.71652pt x 170.72554pt.
 [2]
("F:\MiKTeX 2.9\tex\latex\listings\lstlang1.sty"
File: lstlang1.sty 2014/09/06 1.5e listings language file
)
("F:\MiKTeX 2.9\tex\latex\listings\lstmisc.sty"
File: lstmisc.sty 2014/09/06 1.5e (Carsten Heinz)
) [3 <./Black_cherry_tree_histogram.pdf>] [4] [5] <diffMoy.pdf, id=80, 289.08pt
 x 325.215pt>
File: diffMoy.pdf Graphic file (type pdf)
 <use diffMoy.pdf>
Package pdftex.def Info: diffMoy.pdf used on input line 302.
(pdftex.def)             Requested size: 341.43306pt x 384.13248pt.

[6 <./diffMoy.pdf>] <x1-x2-1.pdf, id=90, 289.08pt x 325.215pt>
File: x1-x2-1.pdf Graphic file (type pdf)

<use x1-x2-1.pdf>
Package pdftex.def Info: x1-x2-1.pdf used on input line 346.
(pdftex.def)             Requested size: 341.43306pt x 384.13248pt.
 [7 <./x1-x2-1.pdf>]
<x1-x2-2.pdf, id=101, 289.08pt x 325.215pt>
File: x1-x2-2.pdf Graphic file (type pdf)
 <use x1-x2-2.pdf>
Package pdftex.def Info: x1-x2-2.pdf used on input line 370.
(pdftex.def)             Requested size: 170.71652pt x 192.05383pt.
 [8 <./x1-x2-2.pdf>]
(A:\Documents\conmet\files2\squelette-rendu\squelette-rendu\output\squelette-re
ndu.aux)

LaTeX Warning: There were multiply-defined labels.

 ) 
Here is how much of TeX's memory you used:
 7599 strings out of 493698
 97495 string characters out of 3150051
 434708 words of memory out of 3000000
 10770 multiletter control sequences out of 15000+200000
 32432 words of font info for 73 fonts, out of 3000000 for 9000
 1025 hyphenation exceptions out of 8191
 35i,6n,51p,618b,2353s stack positions out of 5000i,500n,10000p,200000b,50000s
<F:/MiKTeX 2.9/fonts/type1/public/amsfonts/cm/cmbx10.pfb><F:/MiKTeX 2.9/fonts
/type1/public/amsfonts/cm/cmbx12.pfb><F:/MiKTeX 2.9/fonts/type1/public/amsfonts
/cm/cmcsc10.pfb><F:/MiKTeX 2.9/fonts/type1/public/amsfonts/cm/cmmi10.pfb><F:/Mi
KTeX 2.9/fonts/type1/public/amsfonts/cm/cmr10.pfb><F:/MiKTeX 2.9/fonts/type1/pu
blic/amsfonts/cm/cmr12.pfb><F:/MiKTeX 2.9/fonts/type1/public/amsfonts/cm/cmr17.
pfb><F:/MiKTeX 2.9/fonts/type1/public/amsfonts/cm/cmr8.pfb><F:/MiKTeX 2.9/fonts
/type1/public/amsfonts/cm/cmsy10.pfb><F:/MiKTeX 2.9/fonts/type1/public/amsfonts
/cm/cmtt10.pfb><F:/MiKTeX 2.9/fonts/type1/public/amsfonts/cm/cmtt8.pfb><F:/MiKT
eX 2.9/fonts/type1/public/amsfonts/cm/cmtt9.pfb>
Output written on A:/Documents/conmet/files2/squelette-rendu/squelette-rendu/ou
tput/squelette-rendu.pdf (8 pages, 301559 bytes).
PDF statistics:
 149 PDF objects out of 1000 (max. 8388607)
 0 named destinations out of 1000 (max. 500000)
 21 words of extra memory for PDF output out of 10000 (max. 10000000)

